<?xml version="1.0" encoding="UTF-8"?>
<!-- Generated by org.testng.reporters.JUnitReportReporter -->
<testsuite hostname="DESKTOP-4S4F069" failures="0" tests="6" name="day1.HTTPRequest" time="14.962" errors="0" timestamp="2024-12-14T19:02:38 IST" skipped="0">
  <testcase classname="day1.HTTPRequest" name="GetAllUser" time="1.699"/>
  <testcase classname="day1.HTTPRequest" name="deleteUser" time="0.505"/>
  <testcase classname="day1.HTTPRequest" name="GetUser" time="0.176"/>
  <testcase classname="day1.HTTPRequest" name="CrateUser" time="11.605"/>
  <testcase classname="day1.HTTPRequest" name="CreateUser" time="0.502"/>
  <testcase classname="day1.HTTPRequest" name="updateUser" time="0.475"/>
</testsuite> <!-- day1.HTTPRequest -->
