<?xml version="1.0" encoding="UTF-8"?>
<!-- Generated by org.testng.reporters.JUnitReportReporter -->
<testsuite hostname="DESKTOP-4S4F069" failures="0" tests="1" name="day2.DifferentWaysToCreateRequestBody" time="9.008" errors="0" timestamp="2024-12-07T19:20:25 IST" skipped="0">
  <testcase classname="day2.DifferentWaysToCreateRequestBody" name="usingExternalJson" time="9.008"/>
</testsuite> <!-- day2.DifferentWaysToCreateRequestBody -->
